Using pre-set license
Built from '2020.3/staging' branch; Version is '2020.3.10f1 (297d780c91bc) revision 2719096'; Using compiler version '192528614'; Build Type 'Release'
OS: 'Windows 10 Pro; OS build 19042.1052; Version 2009; 64bit' Language: 'es' Physical Memory: 14267 MB
BatchMode: 1, IsHumanControllingUs: 0, StartBugReporterOnCrash: 0, Is64bit: 1, IsPro: 0

 COMMAND LINE ARGUMENTS:
C:\Program Files\Unity\Hub\Editor\2020.3.10f1\Editor\Unity.exe
-adb2
-batchMode
-noUpm
-name
AssetImportWorker0
-projectPath
C:/Users/coyad/OneDrive/Escritorio/Unity2D/Intro_Setup/Text101
-logFile
Logs/AssetImportWorker0.log
-srvPort
50999
Successfully changed project path to: C:/Users/coyad/OneDrive/Escritorio/Unity2D/Intro_Setup/Text101
C:/Users/coyad/OneDrive/Escritorio/Unity2D/Intro_Setup/Text101
Using Asset Import Pipeline V2.
Refreshing native plugins compatible for Editor in 59.67 ms, found 3 plugins.
Preloading 0 native plugins for Editor in 0.00 ms.
Initialize engine version: 2020.3.10f1 (297d780c91bc)
[Subsystems] Discovering subsystems at path C:/Program Files/Unity/Hub/Editor/2020.3.10f1/Editor/Data/Resources/UnitySubsystems
[Subsystems] Discovering subsystems at path C:/Users/coyad/OneDrive/Escritorio/Unity2D/Intro_Setup/Text101/Assets
GfxDevice: creating device client; threaded=0
Direct3D:
    Version:  Direct3D 11.0 [level 11.1]
    Renderer: AMD Radeon(TM) Vega 8 Graphics (ID=0x15d8)
    Vendor:   
    VRAM:     7133 MB
    Driver:   27.20.21002.112
Initialize mono
Mono path[0] = 'C:/Program Files/Unity/Hub/Editor/2020.3.10f1/Editor/Data/Managed'
Mono path[1] = 'C:/Program Files/Unity/Hub/Editor/2020.3.10f1/Editor/Data/MonoBleedingEdge/lib/mono/unityjit'
Mono config path = 'C:/Program Files/Unity/Hub/Editor/2020.3.10f1/Editor/Data/MonoBleedingEdge/etc'
Using monoOptions --debugger-agent=transport=dt_socket,embedding=1,server=y,suspend=n,address=127.0.0.1:56536
Begin MonoManager ReloadAssembly
Registering precompiled unity dll's ...
Register platform support module: C:/Program Files/Unity/Hub/Editor/2020.3.10f1/Editor/Data/PlaybackEngines/WebGLSupport/UnityEditor.WebGL.Extensions.dll
Register platform support module: C:/Program Files/Unity/Hub/Editor/2020.3.10f1/Editor/Data/PlaybackEngines/WindowsStandaloneSupport/UnityEditor.WindowsStandalone.Extensions.dll
Registered in 0.003214 seconds.
Native extension for WindowsStandalone target not found
Native extension for WebGL target not found
Refreshing native plugins compatible for Editor in 48.63 ms, found 3 plugins.
Preloading 0 native plugins for Editor in 0.00 ms.
Mono: successfully reloaded assembly
- Completed reload, in  3.447 seconds
Platform modules already initialized, skipping
Registering precompiled user dll's ...
Registered in 0.005355 seconds.
Begin MonoManager ReloadAssembly
Native extension for WindowsStandalone target not found
Native extension for WebGL target not found
Refreshing native plugins compatible for Editor in 52.80 ms, found 3 plugins.
Preloading 0 native plugins for Editor in 0.00 ms.
Mono: successfully reloaded assembly
- Completed reload, in  1.528 seconds
Platform modules already initialized, skipping
========================================================================
Worker process is ready to serve import requests
Launched and connected shader compiler UnityShaderCompiler.exe after 0.05 seconds
Refreshing native plugins compatible for Editor in 0.47 ms, found 3 plugins.
Preloading 0 native plugins for Editor in 0.00 ms.
Unloading 2081 Unused Serialized files (Serialized files now loaded: 0)
System memory in use before: 93.0 MB.
System memory in use after: 92.9 MB.

Unloading 33 unused Assets to reduce memory usage. Loaded Objects now: 2515.
Total: 3.492200 ms (FindLiveObjects: 0.246800 ms CreateObjectMapping: 0.058000 ms MarkObjects: 3.013500 ms  DeleteObjects: 0.172200 ms)

========================================================================
Received Import Request.
  path: Assets/AdventureGame.cs
  artifactKey: Guid(8fd682ab9bcbd11448073ffcba012bc7) Importer(815301076,1909f56bfc062723c751e8b465ee728b)
Start importing Assets/AdventureGame.cs using Guid(8fd682ab9bcbd11448073ffcba012bc7) Importer(815301076,1909f56bfc062723c751e8b465ee728b)  -> (artifact id: '43acadb7045ce1945a73cfe966c2cc26') in 0.227973 seconds
  Import took 0.233401 seconds .

========================================================================
Received Import Request.
  Time since last request: 1774.853260 seconds.
  path: Assets/State.cs
  artifactKey: Guid(c8eb4a04015a74b49b93870d0dd16181) Importer(815301076,1909f56bfc062723c751e8b465ee728b)
Start importing Assets/State.cs using Guid(c8eb4a04015a74b49b93870d0dd16181) Importer(815301076,1909f56bfc062723c751e8b465ee728b)  -> (artifact id: '0e90642b716fda8b4126e4ba6ae2b028') in 0.017404 seconds
  Import took 0.036156 seconds .

========================================================================
Received Prepare
Registering precompiled user dll's ...
Registered in 0.005019 seconds.
Begin MonoManager ReloadAssembly
Native extension for WindowsStandalone target not found
Native extension for WebGL target not found
Refreshing native plugins compatible for Editor in 0.52 ms, found 3 plugins.
Preloading 0 native plugins for Editor in 0.00 ms.
Mono: successfully reloaded assembly
- Completed reload, in  1.346 seconds
Platform modules already initialized, skipping
Refreshing native plugins compatible for Editor in 0.52 ms, found 3 plugins.
Preloading 0 native plugins for Editor in 0.00 ms.
Unloading 2076 Unused Serialized files (Serialized files now loaded: 0)
System memory in use before: 92.9 MB.
System memory in use after: 92.9 MB.

Unloading 21 unused Assets to reduce memory usage. Loaded Objects now: 2519.
Total: 2.617800 ms (FindLiveObjects: 0.237000 ms CreateObjectMapping: 0.050700 ms MarkObjects: 2.199600 ms  DeleteObjects: 0.129200 ms)

========================================================================
Received Prepare
Registering precompiled user dll's ...
Registered in 0.005040 seconds.
Begin MonoManager ReloadAssembly
Native extension for WindowsStandalone target not found
Native extension for WebGL target not found
Refreshing native plugins compatible for Editor in 0.51 ms, found 3 plugins.
Preloading 0 native plugins for Editor in 0.00 ms.
Mono: successfully reloaded assembly
- Completed reload, in  1.324 seconds
Platform modules already initialized, skipping
Refreshing native plugins compatible for Editor in 0.49 ms, found 3 plugins.
Preloading 0 native plugins for Editor in 0.00 ms.
Unloading 2076 Unused Serialized files (Serialized files now loaded: 0)
System memory in use before: 93.0 MB.
System memory in use after: 92.9 MB.

Unloading 21 unused Assets to reduce memory usage. Loaded Objects now: 2523.
Total: 3.871100 ms (FindLiveObjects: 0.238100 ms CreateObjectMapping: 0.066100 ms MarkObjects: 3.247500 ms  DeleteObjects: 0.317600 ms)

========================================================================
Received Prepare
Registering precompiled user dll's ...
Registered in 0.005823 seconds.
Begin MonoManager ReloadAssembly
Native extension for WindowsStandalone target not found
Native extension for WebGL target not found
Refreshing native plugins compatible for Editor in 0.61 ms, found 3 plugins.
Preloading 0 native plugins for Editor in 0.00 ms.
Mono: successfully reloaded assembly
- Completed reload, in  1.290 seconds
Platform modules already initialized, skipping
Refreshing native plugins compatible for Editor in 0.51 ms, found 3 plugins.
Preloading 0 native plugins for Editor in 0.00 ms.
Unloading 2076 Unused Serialized files (Serialized files now loaded: 0)
System memory in use before: 93.0 MB.
System memory in use after: 93.0 MB.

Unloading 21 unused Assets to reduce memory usage. Loaded Objects now: 2527.
Total: 2.520600 ms (FindLiveObjects: 0.231900 ms CreateObjectMapping: 0.059100 ms MarkObjects: 2.084000 ms  DeleteObjects: 0.144300 ms)

========================================================================
Received Import Request.
  Time since last request: 3400.774290 seconds.
  path: Assets/Room 3.asset
  artifactKey: Guid(89518ae563eb9fe4da89d6b3ffbd62c9) Importer(815301076,1909f56bfc062723c751e8b465ee728b)
Start importing Assets/Room 3.asset using Guid(89518ae563eb9fe4da89d6b3ffbd62c9) Importer(815301076,1909f56bfc062723c751e8b465ee728b)  -> (artifact id: 'ff67bb22c3a5c0eb41fcc14acd91c30d') in 0.154419 seconds
  Import took 0.242832 seconds .

========================================================================
Received Import Request.
  Time since last request: 37.292356 seconds.
  path: Assets/Room 4.asset
  artifactKey: Guid(28aa76a87469dd1449eeccb446a6db6c) Importer(815301076,1909f56bfc062723c751e8b465ee728b)
Start importing Assets/Room 4.asset using Guid(28aa76a87469dd1449eeccb446a6db6c) Importer(815301076,1909f56bfc062723c751e8b465ee728b)  -> (artifact id: '785bd24a1462bb2dd309d9eabe815fc5') in 0.015833 seconds
  Import took 0.019750 seconds .

========================================================================
Received Import Request.
  Time since last request: 0.012817 seconds.
  path: Assets/Room 4.asset
  artifactKey: Guid(28aa76a87469dd1449eeccb446a6db6c) Importer(815301076,1909f56bfc062723c751e8b465ee728b)
Start importing Assets/Room 4.asset using Guid(28aa76a87469dd1449eeccb446a6db6c) Importer(815301076,1909f56bfc062723c751e8b465ee728b)  -> (artifact id: '785bd24a1462bb2dd309d9eabe815fc5') in 0.007073 seconds
  Import took 0.011782 seconds .

========================================================================
Received Import Request.
  Time since last request: 1505.558558 seconds.
  path: Assets/A.asset
  artifactKey: Guid(1a60c9b424e09e34fb7a717956256012) Importer(815301076,1909f56bfc062723c751e8b465ee728b)
Start importing Assets/A.asset using Guid(1a60c9b424e09e34fb7a717956256012) Importer(815301076,1909f56bfc062723c751e8b465ee728b)  -> (artifact id: 'e06d574e704fcd102f99161ebba7f489') in 0.040766 seconds
  Import took 0.050988 seconds .

========================================================================
Received Import Request.
  Time since last request: 6.660293 seconds.
  path: Assets/A1.- Camina mas profundo en el bosque..asset
  artifactKey: Guid(1a60c9b424e09e34fb7a717956256012) Importer(815301076,1909f56bfc062723c751e8b465ee728b)
Start importing Assets/A1.- Camina mas profundo en el bosque..asset using Guid(1a60c9b424e09e34fb7a717956256012) Importer(815301076,1909f56bfc062723c751e8b465ee728b)  -> (artifact id: 'c251db328b5724e4c2cc1e0e22aff136') in 0.014744 seconds
  Import took 0.019546 seconds .

========================================================================
Received Import Request.
  Time since last request: 0.005197 seconds.
  path: Assets/A1.- Camina mas profundo en el bosque..asset
  artifactKey: Guid(1a60c9b424e09e34fb7a717956256012) Importer(815301076,1909f56bfc062723c751e8b465ee728b)
Start importing Assets/A1.- Camina mas profundo en el bosque..asset using Guid(1a60c9b424e09e34fb7a717956256012) Importer(815301076,1909f56bfc062723c751e8b465ee728b)  -> (artifact id: 'c251db328b5724e4c2cc1e0e22aff136') in 0.007935 seconds
  Import took 0.011920 seconds .

========================================================================
Received Import Request.
  Time since last request: 10.463145 seconds.
  path: Assets/A2.- Buscar en tus cosas algo que sea de utilidad..asset
  artifactKey: Guid(8bc0f873eb342f049add1ecc366745ef) Importer(815301076,1909f56bfc062723c751e8b465ee728b)
Start importing Assets/A2.- Buscar en tus cosas algo que sea de utilidad..asset using Guid(8bc0f873eb342f049add1ecc366745ef) Importer(815301076,1909f56bfc062723c751e8b465ee728b)  -> (artifact id: 'b01cece2c7b53cbe8eb731bfbef1ef30') in 0.013672 seconds
  Import took 0.017472 seconds .

========================================================================
Received Import Request.
  Time since last request: 0.012148 seconds.
  path: Assets/A2.- Buscar en tus cosas algo que sea de utilidad..asset
  artifactKey: Guid(8bc0f873eb342f049add1ecc366745ef) Importer(815301076,1909f56bfc062723c751e8b465ee728b)
Start importing Assets/A2.- Buscar en tus cosas algo que sea de utilidad..asset using Guid(8bc0f873eb342f049add1ecc366745ef) Importer(815301076,1909f56bfc062723c751e8b465ee728b)  -> (artifact id: 'b01cece2c7b53cbe8eb731bfbef1ef30') in 0.013060 seconds
  Import took 0.017869 seconds .

========================================================================
Received Import Request.
  Time since last request: 124.165215 seconds.
  path: Assets/B4.- Lees la nota para obtener algo de informaci贸n sobre que esta sucediendo..asset
  artifactKey: Guid(28aa76a87469dd1449eeccb446a6db6c) Importer(815301076,1909f56bfc062723c751e8b465ee728b)
Start importing Assets/B4.- Lees la nota para obtener algo de informaci贸n sobre que esta sucediendo..asset using Guid(28aa76a87469dd1449eeccb446a6db6c) Importer(815301076,1909f56bfc062723c751e8b465ee728b)  -> (artifact id: '450add2b0c8c1e3bada40f342b81cdff') in 0.011817 seconds
  Import took 0.016790 seconds .

========================================================================
Received Import Request.
  Time since last request: 0.006835 seconds.
  path: Assets/B4.- Lees la nota para obtener algo de informaci贸n sobre que esta sucediendo..asset
  artifactKey: Guid(28aa76a87469dd1449eeccb446a6db6c) Importer(815301076,1909f56bfc062723c751e8b465ee728b)
Start importing Assets/B4.- Lees la nota para obtener algo de informaci贸n sobre que esta sucediendo..asset using Guid(28aa76a87469dd1449eeccb446a6db6c) Importer(815301076,1909f56bfc062723c751e8b465ee728b)  -> (artifact id: '450add2b0c8c1e3bada40f342b81cdff') in 0.010292 seconds
  Import took 0.016099 seconds .

========================================================================
Received Import Request.
  Time since last request: 7.746212 seconds.
  path: Assets/B3.- Enciendes una cerilla y te adentras en el bosque..asset
  artifactKey: Guid(89518ae563eb9fe4da89d6b3ffbd62c9) Importer(815301076,1909f56bfc062723c751e8b465ee728b)
Start importing Assets/B3.- Enciendes una cerilla y te adentras en el bosque..asset using Guid(89518ae563eb9fe4da89d6b3ffbd62c9) Importer(815301076,1909f56bfc062723c751e8b465ee728b)  -> (artifact id: 'b407e47dcb1a570cf8ec2e5b41807022') in 0.013119 seconds
  Import took 0.017783 seconds .

========================================================================
Received Import Request.
  Time since last request: 2529.717783 seconds.
  path: Assets/Scripts
  artifactKey: Guid(a1a7378bf4012344796e72ab02953590) Importer(815301076,1909f56bfc062723c751e8b465ee728b)
Start importing Assets/Scripts using Guid(a1a7378bf4012344796e72ab02953590) Importer(815301076,1909f56bfc062723c751e8b465ee728b)  -> (artifact id: '8aecc3c2d140e9847975ba65aba40be5') in 0.016135 seconds
  Import took 0.042489 seconds .

========================================================================
Received Prepare
Registering precompiled user dll's ...
Registered in 0.007444 seconds.
Begin MonoManager ReloadAssembly
Native extension for WindowsStandalone target not found
Native extension for WebGL target not found
Refreshing native plugins compatible for Editor in 0.54 ms, found 3 plugins.
Preloading 0 native plugins for Editor in 0.00 ms.
Mono: successfully reloaded assembly
- Completed reload, in  1.465 seconds
Platform modules already initialized, skipping
Refreshing native plugins compatible for Editor in 7.60 ms, found 3 plugins.
Preloading 0 native plugins for Editor in 0.00 ms.
Unloading 2076 Unused Serialized files (Serialized files now loaded: 0)
System memory in use before: 93.0 MB.
System memory in use after: 93.0 MB.

Unloading 21 unused Assets to reduce memory usage. Loaded Objects now: 2531.
Total: 3.339100 ms (FindLiveObjects: 0.394300 ms CreateObjectMapping: 0.093500 ms MarkObjects: 2.672800 ms  DeleteObjects: 0.176000 ms)

========================================================================
Received Import Request.
  Time since last request: 31.657920 seconds.
  path: Assets/States
  artifactKey: Guid(532268178b27dc940a0e6246e867ba83) Importer(815301076,1909f56bfc062723c751e8b465ee728b)
Start importing Assets/States using Guid(532268178b27dc940a0e6246e867ba83) Importer(815301076,1909f56bfc062723c751e8b465ee728b)  -> (artifact id: 'f74d950b757c3b57bea46a1fd562b52b') in 0.023142 seconds
  Import took 0.046455 seconds .

========================================================================
Received Import Request.
  Time since last request: 31.547487 seconds.
  path: Assets/States/A2.- Buscar en tus cosas algo que sea de utilidad..asset
  artifactKey: Guid(8bc0f873eb342f049add1ecc366745ef) Importer(815301076,1909f56bfc062723c751e8b465ee728b)
Start importing Assets/States/A2.- Buscar en tus cosas algo que sea de utilidad..asset using Guid(8bc0f873eb342f049add1ecc366745ef) Importer(815301076,1909f56bfc062723c751e8b465ee728b)  -> (artifact id: '7c31f6fc4dd10bd2823094163b5eb813') in 0.020252 seconds
  Import took 0.041335 seconds .

========================================================================
Received Import Request.
  Time since last request: 0.000179 seconds.
  path: Assets/States/StartingState.asset
  artifactKey: Guid(4f1cb9ca7d0a25340830d49eedb3a4d4) Importer(815301076,1909f56bfc062723c751e8b465ee728b)
Start importing Assets/States/StartingState.asset using Guid(4f1cb9ca7d0a25340830d49eedb3a4d4) Importer(815301076,1909f56bfc062723c751e8b465ee728b)  -> (artifact id: 'ebbb37f439d5ca6b5185c99cd8fa53b5') in 0.013645 seconds
  Import took 0.024081 seconds .

========================================================================
Received Import Request.
  Time since last request: 36.627254 seconds.
  path: Assets/States/Intro
  artifactKey: Guid(fad296bf03ebd104f8bbf669b189090b) Importer(815301076,1909f56bfc062723c751e8b465ee728b)
Start importing Assets/States/Intro using Guid(fad296bf03ebd104f8bbf669b189090b) Importer(815301076,1909f56bfc062723c751e8b465ee728b)  -> (artifact id: '76b19597729f20f34ee8df4dc690d485') in 0.015100 seconds
  Import took 0.025959 seconds .

========================================================================
Received Import Request.
  Time since last request: 7.629044 seconds.
  path: Assets/States/Game Over
  artifactKey: Guid(155cf8b6c3a0e25418b6d75cde05d3fa) Importer(815301076,1909f56bfc062723c751e8b465ee728b)
Start importing Assets/States/Game Over using Guid(155cf8b6c3a0e25418b6d75cde05d3fa) Importer(815301076,1909f56bfc062723c751e8b465ee728b)  -> (artifact id: 'ad663f7cc882eca97c244ea89c3779c9') in 0.017658 seconds
  Import took 0.028775 seconds .

========================================================================
Received Import Request.
  Time since last request: 9.579841 seconds.
  path: Assets/States/Bosque
  artifactKey: Guid(fb55fa71fa3a59848a8061506ba62e41) Importer(815301076,1909f56bfc062723c751e8b465ee728b)
Start importing Assets/States/Bosque using Guid(fb55fa71fa3a59848a8061506ba62e41) Importer(815301076,1909f56bfc062723c751e8b465ee728b)  -> (artifact id: '7747cac2a32dfbcc8492e8f0793ad7c1') in 0.011373 seconds
  Import took 0.025736 seconds .

========================================================================
Received Import Request.
  Time since last request: 45.043259 seconds.
  path: Assets/States/Intro/A0. Introduccion
  artifactKey: Guid(04100d6015e55154e923a2df7aafd4ac) Importer(815301076,1909f56bfc062723c751e8b465ee728b)
Start importing Assets/States/Intro/A0. Introduccion using Guid(04100d6015e55154e923a2df7aafd4ac) Importer(815301076,1909f56bfc062723c751e8b465ee728b)  -> (artifact id: 'd5fb284447cb15b432626e6bc2742d14') in 0.021215 seconds
  Import took 0.081355 seconds .

========================================================================
Received Import Request.
  Time since last request: 21.871811 seconds.
  path: Assets/States/Intro/A0. Introduccion.asset
  artifactKey: Guid(42fa3189b8acb634dac5c79f1cac2aee) Importer(815301076,1909f56bfc062723c751e8b465ee728b)
Start importing Assets/States/Intro/A0. Introduccion.asset using Guid(42fa3189b8acb634dac5c79f1cac2aee) Importer(815301076,1909f56bfc062723c751e8b465ee728b)  -> (artifact id: '74724fc30517094dab26b0dced9118fd') in 0.010242 seconds
  Import took 0.032345 seconds .

========================================================================
Received Prepare
Registering precompiled user dll's ...
Registered in 0.005745 seconds.
Begin MonoManager ReloadAssembly
Native extension for WindowsStandalone target not found
Native extension for WebGL target not found
Refreshing native plugins compatible for Editor in 0.51 ms, found 3 plugins.
Preloading 0 native plugins for Editor in 0.00 ms.
Mono: successfully reloaded assembly
- Completed reload, in  1.523 seconds
Platform modules already initialized, skipping
Refreshing native plugins compatible for Editor in 0.56 ms, found 3 plugins.
Preloading 0 native plugins for Editor in 0.00 ms.
Unloading 2076 Unused Serialized files (Serialized files now loaded: 0)
System memory in use before: 93.0 MB.
System memory in use after: 93.0 MB.

Unloading 21 unused Assets to reduce memory usage. Loaded Objects now: 2535.
Total: 2.558700 ms (FindLiveObjects: 0.223100 ms CreateObjectMapping: 0.049500 ms MarkObjects: 2.148800 ms  DeleteObjects: 0.135900 ms)

========================================================================
Received Import Request.
  Time since last request: 254.257130 seconds.
  path: Assets/States/Game Over/Game over.asset
  artifactKey: Guid(401835df1918b244d89f9292d3a959c5) Importer(815301076,1909f56bfc062723c751e8b465ee728b)
Start importing Assets/States/Game Over/Game over.asset using Guid(401835df1918b244d89f9292d3a959c5) Importer(815301076,1909f56bfc062723c751e8b465ee728b)  -> (artifact id: '5bbf13fe79d76c0ae7000d2b9993dca1') in 0.029033 seconds
  Import took 0.043761 seconds .

========================================================================
Received Import Request.
  Time since last request: 22.217921 seconds.
  path: Assets/States/Game Over/GameOver.asset
  artifactKey: Guid(6f342292b85c2394f94cd6a6b6135e73) Importer(815301076,1909f56bfc062723c751e8b465ee728b)
Start importing Assets/States/Game Over/GameOver.asset using Guid(6f342292b85c2394f94cd6a6b6135e73) Importer(815301076,1909f56bfc062723c751e8b465ee728b)  -> (artifact id: 'e94a49a9f2240d820b6eb44dff9fb78a') in 0.033012 seconds
  Import took 0.040338 seconds .

========================================================================
Received Import Request.
  Time since last request: 0.002785 seconds.
  path: Assets/States/Game Over/GameOver.asset
  artifactKey: Guid(6f342292b85c2394f94cd6a6b6135e73) Importer(815301076,1909f56bfc062723c751e8b465ee728b)
Start importing Assets/States/Game Over/GameOver.asset using Guid(6f342292b85c2394f94cd6a6b6135e73) Importer(815301076,1909f56bfc062723c751e8b465ee728b)  -> (artifact id: 'e94a49a9f2240d820b6eb44dff9fb78a') in 0.013040 seconds
  Import took 0.017038 seconds .

AssetImportWorkerClient::OnTransportError - code=2 error=End of file
